g:\mvcwindow\project1\project1\x64\debug\vc140.pdb
g:\mvcwindow\project1\project1\x64\debug\vc140.idb
g:\mvcwindow\project1\project1\x64\debug\test_3.27.obj
c:\users\super007\desktop\c语言初识\project1\project1\x64\debug\vc140.pdb
c:\users\super007\desktop\c语言初识\project1\project1\x64\debug\vc140.idb
c:\users\super007\desktop\c语言初识\project1\project1\x64\debug\add.obj
c:\users\super007\desktop\c语言初识\project1\project1\x64\debug\test_3.27.obj
c:\users\super007\desktop\c语言初识\project1\project1\x64\debug\vc142.pdb
c:\users\super007\desktop\c语言初识\project1\project1\x64\debug\vc142.idb
c:\users\super007\desktop\c语言初识\project1\project1\x64\debug\game.obj
g:\mvcwindow\project1\x64\debug\project1.ilk
g:\mvcwindow\project1\x64\debug\project1.exe
g:\mvcwindow\project1\x64\debug\project1.pdb
c:\users\super007\desktop\c语言初识\project1\x64\debug\project1.exe
c:\users\super007\desktop\c语言初识\project1\project1\x64\debug\project1.ilk
c:\users\super007\desktop\c语言初识\project1\x64\debug\project1.pdb
c:\users\super007\desktop\c语言初识\project1\x64\debug\project1.ilk
c:\users\super007\desktop\c语言初识\project1\project1\x64\debug\project1.tlog\cl.command.1.tlog
c:\users\super007\desktop\c语言初识\project1\project1\x64\debug\project1.tlog\cl.read.1.tlog
c:\users\super007\desktop\c语言初识\project1\project1\x64\debug\project1.tlog\cl.write.1.tlog
c:\users\super007\desktop\c语言初识\project1\project1\x64\debug\project1.tlog\link.command.1.tlog
c:\users\super007\desktop\c语言初识\project1\project1\x64\debug\project1.tlog\link.read.1.tlog
c:\users\super007\desktop\c语言初识\project1\project1\x64\debug\project1.tlog\link.write.1.tlog
